<?xml version="1.0" encoding="UTF-8"?>
<!-- Generated by org.testng.reporters.JUnitReportReporter -->
<testsuite hostname="EC2AMAZ-S11DBRH" failures="0" tests="1" name="runners.MyRunner1" time="9.223" errors="0" timestamp="2023-12-20T05:42:07 GMT" skipped="0">
  <testcase classname="runners.MyRunner1" name="runScenario" time="9.223"/>
  <system-out/>
</testsuite> <!-- runners.MyRunner1 -->
